+--------------------+--------------------+-------------+----------+
| MENU               | PREV_MENU          | NUM_APPROCH | Ratio(%) |
+--------------------+--------------------+-------------+----------+
| login              | logout             |         113 |   100.00 |
| logout             | 가이드             |          16 |    13.55 |
| logout             | 이체내역           |          15 |    12.71 |
| logout             | 추천               |          15 |    12.71 |
| logout             | 내정보             |          14 |    11.86 |
| logout             | 모임통장           |          13 |    11.01 |
| logout             | 세이프박스         |          12 |    10.16 |
| logout             | 내카드             |          11 |     9.32 |
| logout             | 내신용정보         |          10 |     8.47 |
| logout             | 정기예금           |           6 |     5.08 |
| logout             | 카드이용내역       |           6 |     5.08 |
| 가이드             | login              |          14 |    30.43 |
| 가이드             | 세이프박스         |          10 |    21.73 |
| 가이드             | 추천               |           7 |    15.21 |
| 가이드             | 정기예금           |           4 |     8.69 |
| 가이드             | 내정보             |           3 |     6.52 |
| 가이드             | 내카드             |           2 |     4.34 |
| 가이드             | 모임통장           |           2 |     4.34 |
| 가이드             | 카드이용내역       |           2 |     4.34 |
| 가이드             | 내신용정보         |           1 |     2.17 |
| 가이드             | 이체내역           |           1 |     2.17 |
| 내신용정보         | login              |          10 |    25.64 |
| 내신용정보         | 세이프박스         |           5 |    12.82 |
| 내신용정보         | 내카드             |           4 |    10.25 |
| 내신용정보         | 모임통장           |           4 |    10.25 |
| 내신용정보         | 추천               |           4 |    10.25 |
| 내신용정보         | 가이드             |           3 |     7.69 |
| 내신용정보         | 내정보             |           3 |     7.69 |
| 내신용정보         | 이체내역           |           3 |     7.69 |
| 내신용정보         | 정기예금           |           3 |     7.69 |
| 내정보             | 세이프박스         |           7 |    21.87 |
| 내정보             | login              |           5 |    15.62 |
| 내정보             | 추천               |           5 |    15.62 |
| 내정보             | 카드이용내역       |           4 |    12.50 |
| 내정보             | 이체내역           |           3 |     9.37 |
| 내정보             | 내신용정보         |           2 |     6.25 |
| 내정보             | 내카드             |           2 |     6.25 |
| 내정보             | 모임통장           |           2 |     6.25 |
| 내정보             | 정기예금           |           2 |     6.25 |
| 내카드             | login              |          13 |    31.70 |
| 내카드             | 이체내역           |           7 |    17.07 |
| 내카드             | 정기예금           |           7 |    17.07 |
| 내카드             | 가이드             |           4 |     9.75 |
| 내카드             | 세이프박스         |           4 |     9.75 |
| 내카드             | 내신용정보         |           2 |     4.87 |
| 내카드             | 모임통장           |           2 |     4.87 |
| 내카드             | 내정보             |           1 |     2.43 |
| 내카드             | 카드이용내역       |           1 |     2.43 |
| 모임통장           | 세이프박스         |           6 |    16.21 |
| 모임통장           | 이체내역           |           5 |    13.51 |
| 모임통장           | 정기예금           |           5 |    13.51 |
| 모임통장           | login              |           4 |    10.81 |
| 모임통장           | 카드이용내역       |           4 |    10.81 |
| 모임통장           | 가이드             |           3 |     8.10 |
| 모임통장           | 내카드             |           3 |     8.10 |
| 모임통장           | 추천               |           3 |     8.10 |
| 모임통장           | 내신용정보         |           2 |     5.40 |
| 모임통장           | 내정보             |           2 |     5.40 |
| 세이프박스         | login              |          14 |    26.92 |
| 세이프박스         | 내카드             |           8 |    15.38 |
| 세이프박스         | 내신용정보         |           6 |    11.53 |
| 세이프박스         | 이체내역           |           6 |    11.53 |
| 세이프박스         | 카드이용내역       |           6 |    11.53 |
| 세이프박스         | 가이드             |           4 |     7.69 |
| 세이프박스         | 모임통장           |           3 |     5.76 |
| 세이프박스         | 내정보             |           2 |     3.84 |
| 세이프박스         | 정기예금           |           2 |     3.84 |
| 세이프박스         | 추천               |           1 |     1.92 |
| 이체내역           | login              |          16 |    32.00 |
| 이체내역           | 내신용정보         |          10 |    20.00 |
| 이체내역           | 추천               |           5 |    10.00 |
| 이체내역           | 가이드             |           4 |     8.00 |
| 이체내역           | 내카드             |           4 |     8.00 |
| 이체내역           | 내정보             |           3 |     6.00 |
| 이체내역           | 카드이용내역       |           3 |     6.00 |
| 이체내역           | 세이프박스         |           2 |     4.00 |
| 이체내역           | 정기예금           |           2 |     4.00 |
| 이체내역           | 모임통장           |           1 |     2.00 |
| 정기예금           | login              |          13 |    35.13 |
| 정기예금           | 가이드             |           7 |    18.91 |
| 정기예금           | 추천               |           7 |    18.91 |
| 정기예금           | 내신용정보         |           3 |     8.10 |
| 정기예금           | 내카드             |           3 |     8.10 |
| 정기예금           | 이체내역           |           2 |     5.40 |
| 정기예금           | 내정보             |           1 |     2.70 |
| 정기예금           | 모임통장           |           1 |     2.70 |
| 추천               | login              |          24 |    48.00 |
| 추천               | 세이프박스         |           5 |    10.00 |
| 추천               | 내카드             |           4 |     8.00 |
| 추천               | 가이드             |           3 |     6.00 |
| 추천               | 모임통장           |           3 |     6.00 |
| 추천               | 이체내역           |           3 |     6.00 |
| 추천               | 카드이용내역       |           3 |     6.00 |
| 추천               | 내신용정보         |           2 |     4.00 |
| 추천               | 정기예금           |           2 |     4.00 |
| 추천               | 내정보             |           1 |     2.00 |
| 카드이용내역       | 모임통장           |           6 |    20.68 |
| 카드이용내역       | login              |           5 |    17.24 |
| 카드이용내역       | 이체내역           |           5 |    17.24 |
| 카드이용내역       | 정기예금           |           4 |    13.79 |
| 카드이용내역       | 추천               |           3 |    10.34 |
| 카드이용내역       | 가이드             |           2 |     6.89 |
| 카드이용내역       | 내정보             |           2 |     6.89 |
| 카드이용내역       | 내신용정보         |           1 |     3.44 |
| 카드이용내역       | 세이프박스         |           1 |     3.44 |
+--------------------+--------------------+-------------+----------+
105 rows in set (0.02 sec)